This is pdfTeX, Version 3.1415926-1.40.10 (TeX Live 2009/Debian) (format=pdflatex 2012.6.5)  13 JUL 2012 02:21
entering extended mode
 %&-line parsing enabled.
**prediction.tex
(./prediction.tex
LaTeX2e <2009/09/24>
Babel <v3.8l> and hyphenation patterns for english, usenglishmax, dumylang, noh
yphenation, loaded.
(./IEEEtran.cls
Document Class: IEEEtran 2007/03/05 V1.7a by Michael Shell
-- See the "IEEEtran_HOWTO" manual for usage information.
-- http://www.michaelshell.org/tex/ieeetran/
\@IEEEtrantmpdimenA=\dimen102
\@IEEEtrantmpdimenB=\dimen103
\@IEEEtrantmpcountA=\count79
\@IEEEtrantmpcountB=\count80
\@IEEEtrantmptoksA=\toks14
LaTeX Font Info:    Try loading font information for OT1+ptm on input line 373.

(/usr/share/texmf-texlive/tex/latex/psnfss/ot1ptm.fd
File: ot1ptm.fd 2001/06/04 font definitions for OT1/ptm.
)
-- Using 8.5in x 11in (letter) paper.
-- Using PDF output.
\@IEEEnormalsizeunitybaselineskip=\dimen104
-- This is a 10 point document.
\CLASSINFOnormalsizebaselineskip=\dimen105
\CLASSINFOnormalsizeunitybaselineskip=\dimen106
\IEEEnormaljot=\dimen107
LaTeX Font Info:    Font shape `OT1/ptm/bx/n' in size <5> not available
(Font)              Font shape `OT1/ptm/b/n' tried instead on input line 731.
LaTeX Font Info:    Font shape `OT1/ptm/bx/it' in size <5> not available
(Font)              Font shape `OT1/ptm/b/it' tried instead on input line 731.
LaTeX Font Info:    Font shape `OT1/ptm/bx/n' in size <7> not available
(Font)              Font shape `OT1/ptm/b/n' tried instead on input line 731.
LaTeX Font Info:    Font shape `OT1/ptm/bx/it' in size <7> not available
(Font)              Font shape `OT1/ptm/b/it' tried instead on input line 731.
LaTeX Font Info:    Font shape `OT1/ptm/bx/n' in size <8> not available
(Font)              Font shape `OT1/ptm/b/n' tried instead on input line 731.
LaTeX Font Info:    Font shape `OT1/ptm/bx/it' in size <8> not available
(Font)              Font shape `OT1/ptm/b/it' tried instead on input line 731.
LaTeX Font Info:    Font shape `OT1/ptm/bx/n' in size <9> not available
(Font)              Font shape `OT1/ptm/b/n' tried instead on input line 731.
LaTeX Font Info:    Font shape `OT1/ptm/bx/it' in size <9> not available
(Font)              Font shape `OT1/ptm/b/it' tried instead on input line 731.
LaTeX Font Info:    Font shape `OT1/ptm/bx/n' in size <10> not available
(Font)              Font shape `OT1/ptm/b/n' tried instead on input line 731.
LaTeX Font Info:    Font shape `OT1/ptm/bx/it' in size <10> not available
(Font)              Font shape `OT1/ptm/b/it' tried instead on input line 731.
LaTeX Font Info:    Font shape `OT1/ptm/bx/n' in size <11> not available
(Font)              Font shape `OT1/ptm/b/n' tried instead on input line 731.
LaTeX Font Info:    Font shape `OT1/ptm/bx/it' in size <11> not available
(Font)              Font shape `OT1/ptm/b/it' tried instead on input line 731.
LaTeX Font Info:    Font shape `OT1/ptm/bx/n' in size <12> not available
(Font)              Font shape `OT1/ptm/b/n' tried instead on input line 731.
LaTeX Font Info:    Font shape `OT1/ptm/bx/it' in size <12> not available
(Font)              Font shape `OT1/ptm/b/it' tried instead on input line 731.
LaTeX Font Info:    Font shape `OT1/ptm/bx/n' in size <17> not available
(Font)              Font shape `OT1/ptm/b/n' tried instead on input line 731.
LaTeX Font Info:    Font shape `OT1/ptm/bx/it' in size <17> not available
(Font)              Font shape `OT1/ptm/b/it' tried instead on input line 731.
LaTeX Font Info:    Font shape `OT1/ptm/bx/n' in size <20> not available
(Font)              Font shape `OT1/ptm/b/n' tried instead on input line 731.
LaTeX Font Info:    Font shape `OT1/ptm/bx/it' in size <20> not available
(Font)              Font shape `OT1/ptm/b/it' tried instead on input line 731.
LaTeX Font Info:    Font shape `OT1/ptm/bx/n' in size <24> not available
(Font)              Font shape `OT1/ptm/b/n' tried instead on input line 731.
LaTeX Font Info:    Font shape `OT1/ptm/bx/it' in size <24> not available
(Font)              Font shape `OT1/ptm/b/it' tried instead on input line 731.
\IEEEilabelindentA=\dimen108
\IEEEilabelindentB=\dimen109
\IEEEilabelindent=\dimen110
\IEEEelabelindent=\dimen111
\IEEEdlabelindent=\dimen112
\IEEElabelindent=\dimen113
\IEEEiednormlabelsep=\dimen114
\IEEEiedmathlabelsep=\dimen115
\IEEEiedtopsep=\skip41
\c@section=\count81
\c@subsection=\count82
\c@subsubsection=\count83
\c@paragraph=\count84
\c@IEEEsubequation=\count85
\abovecaptionskip=\skip42
\belowcaptionskip=\skip43
\c@figure=\count86
\c@table=\count87
\@IEEEeqnnumcols=\count88
\@IEEEeqncolcnt=\count89
\@IEEEtmpitemindent=\dimen116
\c@IEEEbiography=\count90
\@IEEEtranrubishbin=\box26
) (./algorithm.sty

LaTeX Warning: You have requested package `algorithm',
               but the package provides `algorithm2e'.

Package: algorithm2e 2008/00/00 v3.10 algorithms environments
\c@AlgoLine=\count91
(/usr/share/texmf-texlive/tex/latex/base/ifthen.sty
Package: ifthen 2001/05/26 v1.1c Standard LaTeX ifthen package (DPC)
)
(/usr/share/texmf-texlive/tex/latex/tools/xspace.sty
Package: xspace 2006/05/08 v1.12 Space after command names (DPC,MH)
)
(/usr/share/texmf-texlive/tex/latex/ltxmisc/relsize.sty
Package: relsize 2003/07/04 ver 3.1
)
********************************************************
Package `algorithm2e' Release 4.01 -- december 14 2009 --
- algorithm2e-announce@lirmm.fr mailing list for announcement about releases
- algorithm2e-discussion@lirmm.fr mailing list for discussion about package
subscribe by emailing sympa@lirmm.fr with 'subscribe <list> <firstname name>'
- Author: Christophe Fiorio (fiorio@lirmm.fr)
********************************************************
\skiptotal=\skip44
\skiplinenumber=\skip45
\skiprule=\skip46
\skiphlne=\skip47
\skiptext=\skip48
\skiplength=\skip49
\algomargin=\skip50
\skipalgocfslide=\skip51
\algowidth=\dimen117
\inoutsize=\dimen118
\inoutline=\dimen119
\interspacetitleruled=\dimen120
\interspacealgoruled=\dimen121
\interspacetitleboxruled=\dimen122
\algocf@inoutbox=\box27
\algocf@inputbox=\box28
\AlCapSkip=\skip52
\AlCapHSkip=\skip53
\algocf@nlbox=\box29
\algocf@hangingbox=\box30
\algocf@capbox=\box31
\algoheightruledefault=\skip54
\algoheightrule=\skip55
\algotitleheightruledefault=\skip56
\algotitleheightrule=\skip57
\c@algocfline=\count92
\c@algocfproc=\count93
\c@algocf=\count94
\algocf@algoframe=\box32
\algocf@algobox=\box33
) (./algorithmic.sty
Package: algorithmic 

Document Style `algorithmic' - environment
(/usr/share/texmf-texlive/tex/latex/tools/calc.sty
Package: calc 2007/08/22 v4.3 Infix arithmetic (KKT,FJ)
\calc@Acount=\count95
\calc@Bcount=\count96
\calc@Adimen=\dimen123
\calc@Bdimen=\dimen124
\calc@Askip=\skip58
\calc@Bskip=\skip59
LaTeX Info: Redefining \setlength on input line 76.
LaTeX Info: Redefining \addtolength on input line 77.
\calc@Ccount=\count97
\calc@Cskip=\skip60
)
\c@ALC@line=\count98
\c@ALC@rem=\count99
\ALC@tlm=\skip61
)
(/usr/share/texmf-texlive/tex/latex/amsfonts/amssymb.sty
Package: amssymb 2009/06/22 v3.00

(/usr/share/texmf-texlive/tex/latex/amsfonts/amsfonts.sty
Package: amsfonts 2009/06/22 v3.00 Basic AMSFonts support
\@emptytoks=\toks15
\symAMSa=\mathgroup4
\symAMSb=\mathgroup5
LaTeX Font Info:    Overwriting math alphabet `\mathfrak' in version `bold'
(Font)                  U/euf/m/n --> U/euf/b/n on input line 96.
)) (./amsmath.sty
Package: amsmath 2000/07/18 v2.13 AMS math features
\@mathmargin=\skip62

For additional information on amsmath, use the `?' option.
(/usr/share/texmf-texlive/tex/latex/amsmath/amstext.sty
Package: amstext 2000/06/29 v2.01

(/usr/share/texmf-texlive/tex/latex/amsmath/amsgen.sty
File: amsgen.sty 1999/11/30 v2.0
\@emptytoks=\toks16
\ex@=\dimen125
))
(/usr/share/texmf-texlive/tex/latex/amsmath/amsbsy.sty
Package: amsbsy 1999/11/29 v1.2d
\pmbraise@=\dimen126
)
(/usr/share/texmf-texlive/tex/latex/amsmath/amsopn.sty
Package: amsopn 1999/12/14 v2.01 operator names
)
\inf@bad=\count100
LaTeX Info: Redefining \frac on input line 211.
\uproot@=\count101
\leftroot@=\count102
LaTeX Info: Redefining \overline on input line 307.
\classnum@=\count103
\DOTSCASE@=\count104
LaTeX Info: Redefining \ldots on input line 379.
LaTeX Info: Redefining \dots on input line 382.
LaTeX Info: Redefining \cdots on input line 467.
\Mathstrutbox@=\box34
\strutbox@=\box35
\big@size=\dimen127
LaTeX Font Info:    Redeclaring font encoding OML on input line 567.
LaTeX Font Info:    Redeclaring font encoding OMS on input line 568.
\macc@depth=\count105
\c@MaxMatrixCols=\count106
\dotsspace@=\muskip10
\c@parentequation=\count107
\dspbrk@lvl=\count108
\tag@help=\toks17
\row@=\count109
\column@=\count110
\maxfields@=\count111
\andhelp@=\toks18
\eqnshift@=\dimen128
\alignsep@=\dimen129
\tagshift@=\dimen130
\tagwidth@=\dimen131
\totwidth@=\dimen132
\lineht@=\dimen133
\@envbody=\toks19
\multlinegap=\skip63
\multlinetaggap=\skip64
\mathdisplay@stack=\toks20
LaTeX Info: Redefining \[ on input line 2666.
LaTeX Info: Redefining \] on input line 2667.
)
(/usr/share/texmf-texlive/tex/latex/graphics/graphicx.sty
Package: graphicx 1999/02/16 v1.0f Enhanced LaTeX Graphics (DPC,SPQR)

(/usr/share/texmf-texlive/tex/latex/graphics/keyval.sty
Package: keyval 1999/03/16 v1.13 key=value parser (DPC)
\KV@toks@=\toks21
)
(/usr/share/texmf-texlive/tex/latex/graphics/graphics.sty
Package: graphics 2009/02/05 v1.0o Standard LaTeX Graphics (DPC,SPQR)

(/usr/share/texmf-texlive/tex/latex/graphics/trig.sty
Package: trig 1999/03/16 v1.09 sin cos tan (DPC)
)
(/etc/texmf/tex/latex/config/graphics.cfg
File: graphics.cfg 2009/08/28 v1.8 graphics configuration of TeX Live
)
Package graphics Info: Driver file: pdftex.def on input line 91.

(/usr/share/texmf-texlive/tex/latex/pdftex-def/pdftex.def
File: pdftex.def 2010/03/12 v0.04p Graphics/color for pdfTeX
\Gread@gobject=\count112
))
\Gin@req@height=\dimen134
\Gin@req@width=\dimen135
)
(/usr/share/texmf-texlive/tex/latex/tools/enumerate.sty
Package: enumerate 1999/03/05 v3.00 enumerate extensions (DPC)
\@enLab=\toks22
)
(/usr/share/texmf-texlive/tex/latex/tools/verbatim.sty
Package: verbatim 2003/08/22 v1.5q LaTeX2e package for verbatim enhancements
\every@verbatim=\toks23
\verbatim@line=\toks24
\verbatim@in@stream=\read1
) (./prediction.aux

LaTeX Warning: Label `' multiply defined.

)
\openout1 = `prediction.aux'.

LaTeX Font Info:    Checking defaults for OML/cmm/m/it on input line 361.
LaTeX Font Info:    ... okay on input line 361.
LaTeX Font Info:    Checking defaults for T1/cmr/m/n on input line 361.
LaTeX Font Info:    ... okay on input line 361.
LaTeX Font Info:    Checking defaults for OT1/cmr/m/n on input line 361.
LaTeX Font Info:    ... okay on input line 361.
LaTeX Font Info:    Checking defaults for OMS/cmsy/m/n on input line 361.
LaTeX Font Info:    ... okay on input line 361.
LaTeX Font Info:    Checking defaults for OMX/cmex/m/n on input line 361.
LaTeX Font Info:    ... okay on input line 361.
LaTeX Font Info:    Checking defaults for U/cmr/m/n on input line 361.
LaTeX Font Info:    ... okay on input line 361.
 (/usr/share/texmf-texlive/tex/context/base/supp-pdf.mkii
[Loading MPS to PDF converter (version 2006.09.02).]
\scratchcounter=\count113
\scratchdimen=\dimen136
\scratchbox=\box36
\nofMPsegments=\count114
\nofMParguments=\count115
\everyMPshowfont=\toks25
\MPscratchCnt=\count116
\MPscratchDim=\dimen137
\MPnumerator=\count117
\everyMPtoPDFconversion=\toks26
)
LaTeX Font Info:    Font shape `OT1/ptm/bx/n' in size <14> not available
(Font)              Font shape `OT1/ptm/b/n' tried instead on input line 442.
LaTeX Font Info:    Try loading font information for U+msa on input line 446.
 (/usr/share/texmf-texlive/tex/latex/amsfonts/umsa.fd
File: umsa.fd 2009/06/22 v3.00 AMS symbols A
)
LaTeX Font Info:    Try loading font information for U+msb on input line 446.

(/usr/share/texmf-texlive/tex/latex/amsfonts/umsb.fd
File: umsb.fd 2009/06/22 v3.00 AMS symbols B
) [1{/var/lib/texmf/fonts/map/pdftex/updmap/pdftex.map}


]
Underfull \hbox (badness 10000) in paragraph at lines 515--520

 []


Underfull \hbox (badness 10000) in paragraph at lines 522--526

 []


Underfull \hbox (badness 10000) in paragraph at lines 535--536

 []


Underfull \hbox (badness 10000) in paragraph at lines 537--539

 []


Underfull \hbox (badness 1577) in paragraph at lines 548--549
\OT1/ptm/m/n/10 con-tains the nodes along with their Dif-fer-en-tial Core
 []


Underfull \hbox (badness 10000) in paragraph at lines 548--549

 []


Underfull \hbox (badness 10000) in paragraph at lines 550--551

 []


Underfull \hbox (badness 1824) in paragraph at lines 584--585
\OT1/ptm/m/n/10 char-ac-ter-is-tics. We re-fer to these set of net-works as
 []


Underfull \hbox (badness 10000) in paragraph at lines 584--585

 []


Underfull \hbox (badness 10000) in paragraph at lines 591--595

 []


Underfull \hbox (badness 10000) in paragraph at lines 596--600

 []


Underfull \hbox (badness 10000) in paragraph at lines 601--605

 []

[2]
Underfull \hbox (badness 10000) in paragraph at lines 606--609

 []


Underfull \hbox (badness 10000) in paragraph at lines 610--614

 []

<Figures/Mapping_Graph1.jpg, id=23, 744.7825pt x 361.35pt>
File: Figures/Mapping_Graph1.jpg Graphic file (type jpg)

<use Figures/Mapping_Graph1.jpg>
<Figures/Mapping_Graph2.jpg, id=24, 744.7825pt x 332.24126pt>
File: Figures/Mapping_Graph2.jpg Graphic file (type jpg)

<use Figures/Mapping_Graph2.jpg>
<Figures/Mapping_combined.jpg, id=25, 772.8875pt x 454.69875pt>
File: Figures/Mapping_combined.jpg Graphic file (type jpg)

<use Figures/Mapping_combined.jpg>
<Figures/Mapping_Predicted2.png, id=26, 2254.4225pt x 626.34pt>
File: Figures/Mapping_Predicted2.png Graphic file (type png)

<use Figures/Mapping_Predicted2.png>
Underfull \hbox (badness 10000) in paragraph at lines 673--678

 []

[3 <./Figures/Mapping_Graph1.jpg> <./Figures/Mapping_Graph2.jpg> <./Figures/Map
ping_combined.jpg> <./Figures/Mapping_Predicted2.png>]
Underfull \hbox (badness 10000) in paragraph at lines 722--724

 []


Underfull \hbox (badness 10000) in paragraph at lines 738--739
[] $\OML/cmm/m/it/10 and InDegree\OT1/cmr/m/n/10 (\OML/cmm/m/it/10 u\OT1/cmr/m/
n/10 ) =
 []


Underfull \hbox (badness 10000) in paragraph at lines 750--756

 []


Underfull \hbox (badness 1910) in paragraph at lines 763--765
\OT1/ptm/m/n/10 in cor-rect rel-a-tive or-der with re-spect to $\OML/cmm/m/it/1
0 list[]$\OT1/ptm/m/n/10 . To
 []


Underfull \hbox (badness 10000) in paragraph at lines 763--765

 []


<Figures/100_to_1000_nodes_3_connections_degree.png, id=36, 1455.4375pt x 813.0
375pt>
File: Figures/100_to_1000_nodes_3_connections_degree.png Graphic file (type png
)
 <use Figures/100_to_1000_nodes_3_connections_degree.png>
Underfull \hbox (badness 10000) in paragraph at lines 774--774
\OT1/ptm/m/n/8 Figure 5.   Plot rep-re-sent-ing the com-par-i-sion of val-ues o
f
 []


<Figures/100_to_1000_nodes_3_connections_betweenness.png, id=37, 1462.46375pt x
 831.105pt>
File: Figures/100_to_1000_nodes_3_connections_betweenness.png Graphic file (typ
e png)
 <use Figures/100_to_1000_nodes_3_connections_betweenness.png>
Underfull \hbox (badness 10000) in paragraph at lines 781--781
\OT1/ptm/m/n/8 Figure 6.   Plot rep-re-sent-ing the com-par-i-sion of val-ues o
f
 []

<Figures/table.png, id=38, 707.64375pt x 275.52937pt>
File: Figures/table.png Graphic file (type png)
 <use Figures/table.png>
Underfull \hbox (badness 10000) in paragraph at lines 808--809

 []

[4 <./Figures/100_to_1000_nodes_3_connections_degree.png> <./Figures/100_to_100
0_nodes_3_connections_betweenness.png> <./Figures/table.png (PNG copy)>]
Underfull \hbox (badness 10000) in paragraph at lines 813--814

 []


Underfull \hbox (badness 3460) in paragraph at lines 815--818
[]\OT1/ptm/m/n/10 Let $\OML/cmm/m/it/10 binOrdering[]$ \OT1/ptm/m/n/10 de-note 
the chronol-ogy of bins
 []


Underfull \hbox (badness 4819) in paragraph at lines 815--818
\OML/cmm/m/it/10 binOrdering[]$ \OT1/ptm/m/n/10 and $\OML/cmm/m/it/10 binOrderi
ng[]$ \OT1/ptm/m/n/10 de-note the
 []


Underfull \hbox (badness 10000) in paragraph at lines 815--818

 []


Underfull \hbox (badness 10000) in paragraph at lines 819--820
\OT1/ptm/m/n/10 scores of $\OML/cmm/m/it/10 binOrdering[]$\OT1/ptm/m/n/10 , $\O
ML/cmm/m/it/10 binOrdering[]$
 []


Underfull \hbox (badness 10000) in paragraph at lines 819--820

 []

<Figures/degree.png, id=44, 1460.45625pt x 743.77875pt>
File: Figures/degree.png Graphic file (type png)

<use Figures/degree.png>
Underfull \hbox (badness 6477) in paragraph at lines 830--830
\OT1/ptm/m/n/8 Figure 7.   $\OML/cmm/m/it/8 ^^Q[] \OT1/cmr/m/n/8 = 0\OML/cmm/m/
it/8 :\OT1/cmr/m/n/8 804513946531$\OT1/ptm/m/n/8 , $\OML/cmm/m/it/8 ^^Q[] \OT1/
cmr/m/n/8 =
 []


Underfull \hbox (badness 2846) in paragraph at lines 830--830
\OT1/cmr/m/n/8 0\OML/cmm/m/it/8 :\OT1/cmr/m/n/8 767615011251$\OT1/ptm/m/n/8 , $
\OML/cmm/m/it/8 ^^Q[] \OT1/cmr/m/n/8 = 0\OML/cmm/m/it/8 :\OT1/cmr/m/n/8 7598272
43464$\OT1/ptm/m/n/8 , $\OML/cmm/m/it/8 ^^Q[] \OT1/cmr/m/n/8 =
 []

<Figures/eigen.png, id=45, 1518.67375pt x 694.595pt>
File: Figures/eigen.png Graphic file (type png)
 <use Figures/eigen.png>
Underfull \hbox (badness 10000) in paragraph at lines 852--852
\OT1/ptm/m/n/8 Figure 8.   $\OML/cmm/m/it/8 ^^Q[] \OT1/cmr/m/n/8 = 0\OML/cmm/m/
it/8 :\OT1/cmr/m/n/8 84654821986$\OT1/ptm/m/n/8 , $\OML/cmm/m/it/8 ^^Q[] \OT1/c
mr/m/n/8 =
 []


Underfull \hbox (badness 10000) in paragraph at lines 852--852
\OT1/cmr/m/n/8 0\OML/cmm/m/it/8 :\OT1/cmr/m/n/8 7697124538121$\OT1/ptm/m/n/8 , 
$\OML/cmm/m/it/8 ^^Q[] \OT1/cmr/m/n/8 = 0\OML/cmm/m/it/8 :\OT1/cmr/m/n/8 753169
421166$\OT1/ptm/m/n/8 ,
 []

(./prediction.bbl)

** Conference Paper **
Before submitting the final camera ready copy, remember to:

 1. Manually equalize the lengths of two columns on the last page
 of your paper;

 2. Ensure that any PostScript and/or PDF output post-processing
 uses only Type 1 fonts and that every step in the generation
 process uses the appropriate paper size.

[5 <./Figures/degree.png> <./Figures/eigen.png>] (./prediction.aux)

LaTeX Warning: There were multiply-defined labels.

 ) 
Here is how much of TeX's memory you used:
 3919 strings out of 495061
 53789 string characters out of 1182622
 133038 words of memory out of 3000000
 7055 multiletter control sequences out of 15000+50000
 42142 words of font info for 91 fonts, out of 3000000 for 9000
 31 hyphenation exceptions out of 8191
 27i,8n,24p,961b,311s stack positions out of 5000i,500n,10000p,200000b,50000s
{/usr/share/texmf-texlive/fonts/enc/dvips/base/8r.enc}</usr/share/texmf-texli
ve/fonts/type1/public/amsfonts/cmextra/cmex7.pfb></usr/share/texmf-texlive/font
s/type1/public/amsfonts/cm/cmmi10.pfb></usr/share/texmf-texlive/fonts/type1/pub
lic/amsfonts/cm/cmmi5.pfb></usr/share/texmf-texlive/fonts/type1/public/amsfonts
/cm/cmmi6.pfb></usr/share/texmf-texlive/fonts/type1/public/amsfonts/cm/cmmi7.pf
b></usr/share/texmf-texlive/fonts/type1/public/amsfonts/cm/cmmi8.pfb></usr/shar
e/texmf-texlive/fonts/type1/public/amsfonts/cm/cmr10.pfb></usr/share/texmf-texl
ive/fonts/type1/public/amsfonts/cm/cmr5.pfb></usr/share/texmf-texlive/fonts/typ
e1/public/amsfonts/cm/cmr7.pfb></usr/share/texmf-texlive/fonts/type1/public/ams
fonts/cm/cmr8.pfb></usr/share/texmf-texlive/fonts/type1/public/amsfonts/cm/cmr9
.pfb></usr/share/texmf-texlive/fonts/type1/public/amsfonts/cm/cmsy10.pfb></usr/
share/texmf-texlive/fonts/type1/public/amsfonts/cm/cmsy5.pfb></usr/share/texmf-
texlive/fonts/type1/public/amsfonts/cm/cmsy7.pfb></usr/share/texmf-texlive/font
s/type1/public/amsfonts/cm/cmsy8.pfb></usr/share/texmf-texlive/fonts/type1/urw/
times/utmb8a.pfb></usr/share/texmf-texlive/fonts/type1/urw/times/utmbi8a.pfb></
usr/share/texmf-texlive/fonts/type1/urw/times/utmr8a.pfb></usr/share/texmf-texl
ive/fonts/type1/urw/times/utmri8a.pfb>
Output written on prediction.pdf (5 pages, 1059792 bytes).
PDF statistics:
 110 PDF objects out of 1000 (max. 8388607)
 0 named destinations out of 1000 (max. 500000)
 46 words of extra memory for PDF output out of 10000 (max. 10000000)

